Library/Android/sdk/add-ons/addon-sony_smarteyeglass_sdk-sony-19/samples/SampleARAnimationExtension/app/build/outputs/logs/manifest-merger-debug-report.txt
-- Merging decision tree log ---
manifest
ADDED from src/main/AndroidManifest.xml:2:1-62:12
	package
		ADDED from src/main/AndroidManifest.xml:3:5-65
		INJECTED from src/main/AndroidManifest.xml
		INJECTED from src/main/AndroidManifest.xml
	android:versionName
		ADDED from src/main/AndroidManifest.xml:5:5-32
		INJECTED from src/main/AndroidManifest.xml
		INJECTED from src/main/AndroidManifest.xml
	android:versionCode
		ADDED from src/main/AndroidManifest.xml:4:5-32
		INJECTED from src/main/AndroidManifest.xml
		INJECTED from src/main/AndroidManifest.xml
	xmlns:android
		ADDED from src/main/AndroidManifest.xml:2:11-69
uses-sdk
ADDED from src/main/AndroidManifest.xml:7:5-9:41
MERGED from [SampleARAnimationExtension:SmartEyeglassAPI:unspecified] AndroidManifest.xml:5:5-7:41
MERGED from [SampleARAnimationExtension:SmartExtensionUtils:unspecified] AndroidManifest.xml:5:5-7:41
MERGED from [SampleARAnimationExtension:SmartExtensionAPI:unspecified] AndroidManifest.xml:5:5-7:41
	android:targetSdkVersion
		ADDED from src/main/AndroidManifest.xml:9:9-38
		INJECTED from src/main/AndroidManifest.xml
		INJECTED from src/main/AndroidManifest.xml
	android:minSdkVersion
		ADDED from src/main/AndroidManifest.xml:8:9-35
		INJECTED from src/main/AndroidManifest.xml
		INJECTED from src/main/AndroidManifest.xml
uses-permission#com.sonyericsson.extras.liveware.aef.EXTENSION_PERMISSION
ADDED from src/main/AndroidManifest.xml:11:5-97
	android:name
		ADDED from src/main/AndroidManifest.xml:11:22-94
uses-permission#com.sony.smarteyeglass.permission.SMARTEYEGLASS
ADDED from src/main/AndroidManifest.xml:12:5-87
	android:name
		ADDED from src/main/AndroidManifest.xml:12:22-84
uses-permission#android.permission.ACCESS_FINE_LOCATION
ADDED from src/main/AndroidManifest.xml:13:5-78
	android:name
		ADDED from src/main/AndroidManifest.xml:13:22-76
uses-permission#android.permission.ACCESS_COARSE_LOCATION
ADDED from src/main/AndroidManifest.xml:14:5-80
	android:name
		ADDED from src/main/AndroidManifest.xml:14:22-78
application
ADDED from src/main/AndroidManifest.xml:16:5-61:19
	android:label
		ADDED from src/main/AndroidManifest.xml:18:9-41
	android:icon
		ADDED from src/main/AndroidManifest.xml:17:9-38
activity#com.example.sony.smarteyeglass.extension.samplearanimation.SampleARAnimationPreferenceActivity
ADDED from src/main/AndroidManifest.xml:19:9-25:20
	android:label
		ADDED from src/main/AndroidManifest.xml:21:13-62
	android:name
		ADDED from src/main/AndroidManifest.xml:20:13-122
intent-filter#android.intent.action.ALL_APPS
ADDED from src/main/AndroidManifest.xml:22:13-24:29
action#android.intent.action.ALL_APPS
ADDED from src/main/AndroidManifest.xml:23:17-73
	android:name
		ADDED from src/main/AndroidManifest.xml:23:25-70
service#com.example.sony.smarteyeglass.extension.samplearanimation.SampleExtensionService
ADDED from src/main/AndroidManifest.xml:27:9-117
	android:name
		ADDED from src/main/AndroidManifest.xml:27:18-114
receiver#com.example.sony.smarteyeglass.extension.samplearanimation.ExtensionReceiver
ADDED from src/main/AndroidManifest.xml:29:9-60:20
	android:name
		ADDED from src/main/AndroidManifest.xml:29:19-110
intent-filter#android.intent.action.LOCALE_CHANGED+com.sonyericsson.extras.aef.control.CAMERA_CAPTURE_RESPONSE+com.sonyericsson.extras.aef.control.ERROR+com.sonyericsson.extras.aef.control.KEY_EVENT+com.sonyericsson.extras.aef.control.PAUSE+com.sonyericsson.extras.aef.control.RENDER_OBJECT_REGISTER_ACK+com.sonyericsson.extras.aef.control.RENDER_OBJECT_REQUEST+com.sonyericsson.extras.aef.control.RESUME+com.sonyericsson.extras.aef.control.START+com.sonyericsson.extras.aef.control.STOP+com.sonyericsson.extras.aef.control.SWIPE_EVENT+com.sonyericsson.extras.aef.control.TOUCH_EVENT+com.sonyericsson.extras.aef.widget.ONTOUCH+com.sonyericsson.extras.aef.widget.START_REFRESH_IMAGE_REQUEST+com.sonyericsson.extras.aef.widget.STOP_REFRESH_IMAGE_REQUEST+com.sonyericsson.extras.liveware.aef.notification.REFRESH_REQUEST+com.sonyericsson.extras.liveware.aef.notification.VIEW_EVENT_DETAIL+com.sonyericsson.extras.liveware.aef.registration.ACCESSORY_CONNECTION+com.sonyericsson.extras.liveware.aef.registration.EXTENSION_REGISTER_REQUEST+com.sonyericsson.extras.liveware.extension.util.widget.scheduled.refresh
ADDED from src/main/AndroidManifest.xml:30:13-59:29
action#com.sonyericsson.extras.liveware.aef.registration.EXTENSION_REGISTER_REQUEST
ADDED from src/main/AndroidManifest.xml:33:17-119
	android:name
		ADDED from src/main/AndroidManifest.xml:33:25-116
action#com.sonyericsson.extras.liveware.aef.registration.ACCESSORY_CONNECTION
ADDED from src/main/AndroidManifest.xml:34:17-113
	android:name
		ADDED from src/main/AndroidManifest.xml:34:25-110
action#android.intent.action.LOCALE_CHANGED
ADDED from src/main/AndroidManifest.xml:35:17-79
	android:name
		ADDED from src/main/AndroidManifest.xml:35:25-76
action#com.sonyericsson.extras.liveware.aef.notification.VIEW_EVENT_DETAIL
ADDED from src/main/AndroidManifest.xml:38:17-110
	android:name
		ADDED from src/main/AndroidManifest.xml:38:25-107
action#com.sonyericsson.extras.liveware.aef.notification.REFRESH_REQUEST
ADDED from src/main/AndroidManifest.xml:39:17-108
	android:name
		ADDED from src/main/AndroidManifest.xml:39:25-105
action#com.sonyericsson.extras.aef.widget.START_REFRESH_IMAGE_REQUEST
ADDED from src/main/AndroidManifest.xml:42:17-105
	android:name
		ADDED from src/main/AndroidManifest.xml:42:25-102
action#com.sonyericsson.extras.aef.widget.STOP_REFRESH_IMAGE_REQUEST
ADDED from src/main/AndroidManifest.xml:43:17-104
	android:name
		ADDED from src/main/AndroidManifest.xml:43:25-101
action#com.sonyericsson.extras.aef.widget.ONTOUCH
ADDED from src/main/AndroidManifest.xml:44:17-85
	android:name
		ADDED from src/main/AndroidManifest.xml:44:25-82
action#com.sonyericsson.extras.liveware.extension.util.widget.scheduled.refresh
ADDED from src/main/AndroidManifest.xml:45:17-115
	android:name
		ADDED from src/main/AndroidManifest.xml:45:25-112
action#com.sonyericsson.extras.aef.control.START
ADDED from src/main/AndroidManifest.xml:48:17-84
	android:name
		ADDED from src/main/AndroidManifest.xml:48:25-81
action#com.sonyericsson.extras.aef.control.STOP
ADDED from src/main/AndroidManifest.xml:49:17-83
	android:name
		ADDED from src/main/AndroidManifest.xml:49:25-80
action#com.sonyericsson.extras.aef.control.PAUSE
ADDED from src/main/AndroidManifest.xml:50:17-84
	android:name
		ADDED from src/main/AndroidManifest.xml:50:25-81
action#com.sonyericsson.extras.aef.control.RESUME
ADDED from src/main/AndroidManifest.xml:51:17-85
	android:name
		ADDED from src/main/AndroidManifest.xml:51:25-82
action#com.sonyericsson.extras.aef.control.ERROR
ADDED from src/main/AndroidManifest.xml:52:17-84
	android:name
		ADDED from src/main/AndroidManifest.xml:52:25-81
action#com.sonyericsson.extras.aef.control.KEY_EVENT
ADDED from src/main/AndroidManifest.xml:53:17-88
	android:name
		ADDED from src/main/AndroidManifest.xml:53:25-85
action#com.sonyericsson.extras.aef.control.TOUCH_EVENT
ADDED from src/main/AndroidManifest.xml:54:17-90
	android:name
		ADDED from src/main/AndroidManifest.xml:54:25-87
action#com.sonyericsson.extras.aef.control.SWIPE_EVENT
ADDED from src/main/AndroidManifest.xml:55:17-90
	android:name
		ADDED from src/main/AndroidManifest.xml:55:25-87
action#com.sonyericsson.extras.aef.control.CAMERA_CAPTURE_RESPONSE
ADDED from src/main/AndroidManifest.xml:56:17-102
	android:name
		ADDED from src/main/AndroidManifest.xml:56:25-99
action#com.sonyericsson.extras.aef.control.RENDER_OBJECT_REGISTER_ACK
ADDED from src/main/AndroidManifest.xml:57:17-105
	android:name
		ADDED from src/main/AndroidManifest.xml:57:25-102
action#com.sonyericsson.extras.aef.control.RENDER_OBJECT_REQUEST
ADDED from src/main/AndroidManifest.xml:58:17-100
	android:name
		ADDED from src/main/AndroidManifest.xml:58:25-97